# JRE version: OpenJDK Runtime Environment (11.0.5+10) (build 11.0.5+10)
# Java VM: OpenJDK 64-Bit Server VM (11.0.5+10, mixed mode, tiered, compressed oops, g1 gc, linux-amd64)
Heap:
 garbage-first heap   total 126976K, used 18489K [0x0000000085600000, 0x0000000100000000)
  region size 1024K, 14 young (14336K), 3 survivors (3072K)
 Metaspace       used 27059K, capacity 27774K, committed 28032K, reserved 1073152K
  class space    used 3092K, capacity 3401K, committed 3456K, reserved 1048576K
GC Heap History (6 events):
Event: 1,038 GC heap before
{Heap before GC invocations=0 (full 0):
 garbage-first heap   total 126976K, used 24576K [0x0000000085600000, 0x0000000100000000)
  region size 1024K, 24 young (24576K), 0 survivors (0K)
 Metaspace       used 16336K, capacity 16803K, committed 17152K, reserved 1064960K
  class space    used 1771K, capacity 1980K, committed 2048K, reserved 1048576K
}
Event: 1,047 GC heap after
{Heap after GC invocations=1 (full 0):
 garbage-first heap   total 126976K, used 5745K [0x0000000085600000, 0x0000000100000000)
  region size 1024K, 3 young (3072K), 3 survivors (3072K)
 Metaspace       used 16336K, capacity 16803K, committed 17152K, reserved 1064960K
  class space    used 1771K, capacity 1980K, committed 2048K, reserved 1048576K
}
Event: 1,234 GC heap before
{Heap before GC invocations=1 (full 0):
 garbage-first heap   total 126976K, used 9841K [0x0000000085600000, 0x0000000100000000)
  region size 1024K, 8 young (8192K), 3 survivors (3072K)
 Metaspace       used 20560K, capacity 21021K, committed 21248K, reserved 1069056K
  class space    used 2260K, capacity 2489K, committed 2560K, reserved 1048576K
}
Event: 1,239 GC heap after
{Heap after GC invocations=2 (full 0):
 garbage-first heap   total 126976K, used 7288K [0x0000000085600000, 0x0000000100000000)
  region size 1024K, 5 young (5120K), 5 survivors (5120K)
 Metaspace       used 20560K, capacity 21021K, committed 21248K, reserved 1069056K
  class space    used 2260K, capacity 2489K, committed 2560K, reserved 1048576K
}
Event: 1,560 GC heap before
{Heap before GC invocations=3 (full 0):
 garbage-first heap   total 126976K, used 21624K [0x0000000085600000, 0x0000000100000000)
  region size 1024K, 19 young (19456K), 5 survivors (5120K)
 Metaspace       used 26091K, capacity 26782K, committed 27136K, reserved 1073152K
  class space    used 2989K, capacity 3305K, committed 3328K, reserved 1048576K
}
Event: 1,570 GC heap after
{Heap after GC invocations=4 (full 0):
 garbage-first heap   total 126976K, used 8249K [0x0000000085600000, 0x0000000100000000)
  region size 1024K, 3 young (3072K), 3 survivors (3072K)
 Metaspace       used 26091K, capacity 26782K, committed 27136K, reserved 1073152K
  class space    used 2989K, capacity 3305K, committed 3328K, reserved 1048576K
}

